[Wed Mar  6 19:11:11 2013] [debug] Reading config file "/Users/espent/Oslo.pm/perl_tent/perl_tent.conf".
[Wed Mar  6 19:11:28 2013] [debug] Reading config file "/Users/espent/Oslo.pm/perl_tent/perl_tent.conf".
[Wed Mar  6 19:11:59 2013] [debug] Reading config file "/Users/espent/Oslo.pm/perl_tent/perl_tent.conf".
[Wed Mar  6 19:12:50 2013] [debug] Reading config file "/Users/espent/Oslo.pm/perl_tent/perl_tent.conf".
[Wed Mar  6 19:16:11 2013] [debug] Reading config file "/Users/espent/Oslo.pm/perl_tent/perl_tent.conf".
[Wed Mar  6 19:18:58 2013] [debug] Reading config file "/Users/espent/Oslo.pm/perl_tent/perl_tent.conf".
[Wed Mar  6 19:19:25 2013] [debug] Reading config file "/Users/espent/Oslo.pm/perl_tent/perl_tent.conf".
[Wed Mar  6 19:19:50 2013] [debug] Reading config file "/Users/espent/Oslo.pm/perl_tent/perl_tent.conf".
[Wed Mar  6 19:22:27 2013] [debug] Reading config file "/Users/espent/Oslo.pm/perl_tent/perl_tent.conf".
[Wed Mar  6 19:22:27 2013] [debug] Your secret passphrase needs to be changed!!!
[Wed Mar  6 19:22:27 2013] [debug] GET / (Mojolicious (Perl)).
[Wed Mar  6 19:22:27 2013] [debug] Routing to controller "PerlTent::Example" and action "welcome".
[Wed Mar  6 19:22:27 2013] [debug] Rendering template "example/welcome.html.ep".
[Wed Mar  6 19:22:27 2013] [debug] Rendering template "layouts/default.html.ep".
[Wed Mar  6 19:22:27 2013] [debug] 200 OK (0.006505s, 153.728/s).
[Wed Mar  6 19:22:27 2013] [debug] Reading config file "/Users/espent/Oslo.pm/perl_tent/perl_tent.conf".
[Wed Mar  6 19:22:27 2013] [debug] Reading config file "/Users/espent/Oslo.pm/perl_tent/perl_tent.conf".
[Wed Mar  6 19:22:27 2013] [debug] Your secret passphrase needs to be changed!!!
[Wed Mar  6 19:22:27 2013] [debug] GET / (Mojolicious (Perl)).
[Wed Mar  6 19:22:27 2013] [debug] Routing to controller "PerlTent::Example" and action "welcome".
[Wed Mar  6 19:22:27 2013] [debug] Rendering template "example/welcome.html.ep".
[Wed Mar  6 19:22:27 2013] [debug] Rendering template "layouts/default.html.ep".
[Wed Mar  6 19:22:27 2013] [debug] 200 OK (0.008547s, 117.000/s).
[Wed Mar  6 19:22:27 2013] [debug] Reading config file "/Users/espent/Oslo.pm/perl_tent/perl_tent.conf".
[Wed Mar  6 19:22:28 2013] [debug] Reading config file "/Users/espent/Oslo.pm/perl_tent/perl_tent.conf".
[Wed Mar  6 19:22:28 2013] [debug] Your secret passphrase needs to be changed!!!
[Wed Mar  6 19:22:28 2013] [debug] GET / (Mojolicious (Perl)).
[Wed Mar  6 19:22:28 2013] [debug] Routing to controller "PerlTent::Example" and action "welcome".
[Wed Mar  6 19:22:28 2013] [debug] Rendering template "example/welcome.html.ep".
[Wed Mar  6 19:22:28 2013] [debug] Rendering template "layouts/default.html.ep".
[Wed Mar  6 19:22:28 2013] [debug] 200 OK (0.008411s, 118.892/s).
[Wed Mar  6 19:22:28 2013] [debug] Reading config file "/Users/espent/Oslo.pm/perl_tent/perl_tent.conf".
[Wed Mar  6 19:22:28 2013] [debug] Reading config file "/Users/espent/Oslo.pm/perl_tent/perl_tent.conf".
[Wed Mar  6 19:22:28 2013] [debug] Your secret passphrase needs to be changed!!!
[Wed Mar  6 19:22:28 2013] [debug] GET / (Mojolicious (Perl)).
[Wed Mar  6 19:22:28 2013] [debug] Routing to controller "PerlTent::Example" and action "welcome".
[Wed Mar  6 19:22:28 2013] [debug] Rendering template "example/welcome.html.ep".
[Wed Mar  6 19:22:28 2013] [debug] Rendering template "layouts/default.html.ep".
[Wed Mar  6 19:22:28 2013] [debug] 200 OK (0.006594s, 151.653/s).
[Wed Mar  6 19:22:29 2013] [debug] Reading config file "/Users/espent/Oslo.pm/perl_tent/perl_tent.conf".
[Wed Mar  6 19:22:32 2013] [debug] Reading config file "/Users/espent/Oslo.pm/perl_tent/perl_tent.conf".
[Wed Mar  6 19:22:32 2013] [debug] Your secret passphrase needs to be changed!!!
[Wed Mar  6 19:22:32 2013] [debug] GET / (Mojolicious (Perl)).
[Wed Mar  6 19:22:32 2013] [debug] Routing to controller "PerlTent::Example" and action "welcome".
[Wed Mar  6 19:22:32 2013] [debug] Rendering template "example/welcome.html.ep".
[Wed Mar  6 19:22:32 2013] [debug] Rendering template "layouts/default.html.ep".
[Wed Mar  6 19:22:32 2013] [debug] 200 OK (0.008502s, 117.619/s).
[Wed Mar  6 19:22:32 2013] [debug] Reading config file "/Users/espent/Oslo.pm/perl_tent/perl_tent.conf".
[Wed Mar  6 19:22:33 2013] [debug] Reading config file "/Users/espent/Oslo.pm/perl_tent/perl_tent.conf".
[Wed Mar  6 19:22:33 2013] [debug] Your secret passphrase needs to be changed!!!
[Wed Mar  6 19:22:33 2013] [debug] GET / (Mojolicious (Perl)).
[Wed Mar  6 19:22:33 2013] [debug] Routing to controller "PerlTent::Example" and action "welcome".
[Wed Mar  6 19:22:33 2013] [debug] Rendering template "example/welcome.html.ep".
[Wed Mar  6 19:22:33 2013] [debug] Rendering template "layouts/default.html.ep".
[Wed Mar  6 19:22:33 2013] [debug] 200 OK (0.008587s, 116.455/s).
[Wed Mar  6 19:22:33 2013] [debug] Reading config file "/Users/espent/Oslo.pm/perl_tent/perl_tent.conf".
[Wed Mar  6 19:22:36 2013] [debug] Reading config file "/Users/espent/Oslo.pm/perl_tent/perl_tent.conf".
[Wed Mar  6 19:22:36 2013] [debug] Your secret passphrase needs to be changed!!!
[Wed Mar  6 19:22:36 2013] [debug] GET / (Mojolicious (Perl)).
[Wed Mar  6 19:22:36 2013] [debug] Routing to controller "PerlTent::Example" and action "welcome".
[Wed Mar  6 19:22:36 2013] [debug] Rendering template "example/welcome.html.ep".
[Wed Mar  6 19:22:36 2013] [debug] Rendering template "layouts/default.html.ep".
[Wed Mar  6 19:22:36 2013] [debug] 200 OK (0.008526s, 117.288/s).
[Wed Mar  6 19:22:37 2013] [debug] Reading config file "/Users/espent/Oslo.pm/perl_tent/perl_tent.conf".
[Wed Mar  6 19:22:37 2013] [debug] Reading config file "/Users/espent/Oslo.pm/perl_tent/perl_tent.conf".
[Wed Mar  6 19:22:37 2013] [debug] Your secret passphrase needs to be changed!!!
[Wed Mar  6 19:22:37 2013] [debug] GET / (Mojolicious (Perl)).
[Wed Mar  6 19:22:37 2013] [debug] Routing to controller "PerlTent::Example" and action "welcome".
[Wed Mar  6 19:22:37 2013] [debug] Rendering template "example/welcome.html.ep".
[Wed Mar  6 19:22:37 2013] [debug] Rendering template "layouts/default.html.ep".
[Wed Mar  6 19:22:37 2013] [debug] 200 OK (0.008465s, 118.133/s).
[Wed Mar  6 19:22:37 2013] [debug] Reading config file "/Users/espent/Oslo.pm/perl_tent/perl_tent.conf".
[Wed Mar  6 19:22:41 2013] [debug] Reading config file "/Users/espent/Oslo.pm/perl_tent/perl_tent.conf".
[Wed Mar  6 19:22:41 2013] [debug] Your secret passphrase needs to be changed!!!
[Wed Mar  6 19:22:41 2013] [debug] GET / (Mojolicious (Perl)).
[Wed Mar  6 19:22:41 2013] [debug] Routing to controller "PerlTent::Example" and action "welcome".
[Wed Mar  6 19:22:41 2013] [debug] Rendering template "example/welcome.html.ep".
[Wed Mar  6 19:22:41 2013] [debug] Rendering template "layouts/default.html.ep".
[Wed Mar  6 19:22:41 2013] [debug] 200 OK (0.006583s, 151.906/s).
[Wed Mar  6 19:22:41 2013] [debug] Reading config file "/Users/espent/Oslo.pm/perl_tent/perl_tent.conf".
[Wed Mar  6 19:22:41 2013] [debug] Reading config file "/Users/espent/Oslo.pm/perl_tent/perl_tent.conf".
[Wed Mar  6 19:22:41 2013] [debug] Your secret passphrase needs to be changed!!!
[Wed Mar  6 19:22:41 2013] [debug] GET / (Mojolicious (Perl)).
[Wed Mar  6 19:22:41 2013] [debug] Routing to controller "PerlTent::Example" and action "welcome".
[Wed Mar  6 19:22:41 2013] [debug] Rendering template "example/welcome.html.ep".
[Wed Mar  6 19:22:41 2013] [debug] Rendering template "layouts/default.html.ep".
[Wed Mar  6 19:22:41 2013] [debug] 200 OK (0.006466s, 154.655/s).
[Wed Mar  6 19:22:41 2013] [debug] Reading config file "/Users/espent/Oslo.pm/perl_tent/perl_tent.conf".
[Wed Mar  6 19:22:45 2013] [debug] Reading config file "/Users/espent/Oslo.pm/perl_tent/perl_tent.conf".
[Wed Mar  6 19:22:45 2013] [debug] Your secret passphrase needs to be changed!!!
[Wed Mar  6 19:22:45 2013] [debug] GET / (Mojolicious (Perl)).
[Wed Mar  6 19:22:45 2013] [debug] Routing to controller "PerlTent::Example" and action "welcome".
[Wed Mar  6 19:22:45 2013] [debug] Rendering template "example/welcome.html.ep".
[Wed Mar  6 19:22:45 2013] [debug] Rendering template "layouts/default.html.ep".
[Wed Mar  6 19:22:45 2013] [debug] 200 OK (0.008648s, 115.634/s).
[Wed Mar  6 19:22:45 2013] [debug] Reading config file "/Users/espent/Oslo.pm/perl_tent/perl_tent.conf".
[Wed Mar  6 19:22:45 2013] [debug] Reading config file "/Users/espent/Oslo.pm/perl_tent/perl_tent.conf".
[Wed Mar  6 19:22:45 2013] [debug] Your secret passphrase needs to be changed!!!
[Wed Mar  6 19:22:45 2013] [debug] GET / (Mojolicious (Perl)).
[Wed Mar  6 19:22:45 2013] [debug] Routing to controller "PerlTent::Example" and action "welcome".
[Wed Mar  6 19:22:45 2013] [debug] Rendering template "example/welcome.html.ep".
[Wed Mar  6 19:22:45 2013] [debug] Rendering template "layouts/default.html.ep".
[Wed Mar  6 19:22:45 2013] [debug] 200 OK (0.006892s, 145.096/s).
[Wed Mar  6 19:22:46 2013] [debug] Reading config file "/Users/espent/Oslo.pm/perl_tent/perl_tent.conf".
[Wed Mar  6 19:22:49 2013] [debug] Reading config file "/Users/espent/Oslo.pm/perl_tent/perl_tent.conf".
[Wed Mar  6 19:22:49 2013] [debug] Your secret passphrase needs to be changed!!!
[Wed Mar  6 19:22:49 2013] [debug] GET / (Mojolicious (Perl)).
[Wed Mar  6 19:22:49 2013] [debug] Routing to controller "PerlTent::Example" and action "welcome".
[Wed Mar  6 19:22:49 2013] [debug] Rendering template "example/welcome.html.ep".
[Wed Mar  6 19:22:49 2013] [debug] Rendering template "layouts/default.html.ep".
[Wed Mar  6 19:22:49 2013] [debug] 200 OK (0.008735s, 114.482/s).
[Wed Mar  6 19:22:49 2013] [debug] Reading config file "/Users/espent/Oslo.pm/perl_tent/perl_tent.conf".
[Wed Mar  6 19:22:50 2013] [debug] Reading config file "/Users/espent/Oslo.pm/perl_tent/perl_tent.conf".
[Wed Mar  6 19:22:50 2013] [debug] Your secret passphrase needs to be changed!!!
[Wed Mar  6 19:22:50 2013] [debug] GET / (Mojolicious (Perl)).
[Wed Mar  6 19:22:50 2013] [debug] Routing to controller "PerlTent::Example" and action "welcome".
[Wed Mar  6 19:22:50 2013] [debug] Rendering template "example/welcome.html.ep".
[Wed Mar  6 19:22:50 2013] [debug] Rendering template "layouts/default.html.ep".
[Wed Mar  6 19:22:50 2013] [debug] 200 OK (0.008453s, 118.301/s).
[Wed Mar  6 19:22:50 2013] [debug] Reading config file "/Users/espent/Oslo.pm/perl_tent/perl_tent.conf".
[Wed Mar  6 19:22:53 2013] [debug] Reading config file "/Users/espent/Oslo.pm/perl_tent/perl_tent.conf".
[Wed Mar  6 19:22:53 2013] [debug] Your secret passphrase needs to be changed!!!
[Wed Mar  6 19:22:53 2013] [debug] GET / (Mojolicious (Perl)).
[Wed Mar  6 19:22:53 2013] [debug] Routing to controller "PerlTent::Example" and action "welcome".
[Wed Mar  6 19:22:53 2013] [debug] Rendering template "example/welcome.html.ep".
[Wed Mar  6 19:22:53 2013] [debug] Rendering template "layouts/default.html.ep".
[Wed Mar  6 19:22:53 2013] [debug] 200 OK (0.008474s, 118.008/s).
[Wed Mar  6 19:22:54 2013] [debug] Reading config file "/Users/espent/Oslo.pm/perl_tent/perl_tent.conf".
[Wed Mar  6 19:22:54 2013] [debug] Reading config file "/Users/espent/Oslo.pm/perl_tent/perl_tent.conf".
[Wed Mar  6 19:22:54 2013] [debug] Your secret passphrase needs to be changed!!!
[Wed Mar  6 19:22:54 2013] [debug] GET / (Mojolicious (Perl)).
[Wed Mar  6 19:22:54 2013] [debug] Routing to controller "PerlTent::Example" and action "welcome".
[Wed Mar  6 19:22:54 2013] [debug] Rendering template "example/welcome.html.ep".
[Wed Mar  6 19:22:54 2013] [debug] Rendering template "layouts/default.html.ep".
[Wed Mar  6 19:22:54 2013] [debug] 200 OK (0.006461s, 154.775/s).
[Wed Mar  6 19:22:54 2013] [debug] Reading config file "/Users/espent/Oslo.pm/perl_tent/perl_tent.conf".
[Wed Mar  6 19:22:57 2013] [debug] Reading config file "/Users/espent/Oslo.pm/perl_tent/perl_tent.conf".
[Wed Mar  6 19:22:57 2013] [debug] Your secret passphrase needs to be changed!!!
[Wed Mar  6 19:22:57 2013] [debug] GET / (Mojolicious (Perl)).
[Wed Mar  6 19:22:57 2013] [debug] Routing to controller "PerlTent::Example" and action "welcome".
[Wed Mar  6 19:22:57 2013] [debug] Rendering template "example/welcome.html.ep".
[Wed Mar  6 19:22:57 2013] [debug] Rendering template "layouts/default.html.ep".
[Wed Mar  6 19:22:57 2013] [debug] 200 OK (0.008451s, 118.329/s).
[Wed Mar  6 19:22:58 2013] [debug] Reading config file "/Users/espent/Oslo.pm/perl_tent/perl_tent.conf".
[Wed Mar  6 19:22:58 2013] [debug] Reading config file "/Users/espent/Oslo.pm/perl_tent/perl_tent.conf".
[Wed Mar  6 19:22:58 2013] [debug] Your secret passphrase needs to be changed!!!
[Wed Mar  6 19:22:58 2013] [debug] GET / (Mojolicious (Perl)).
[Wed Mar  6 19:22:58 2013] [debug] Routing to controller "PerlTent::Example" and action "welcome".
[Wed Mar  6 19:22:58 2013] [debug] Rendering template "example/welcome.html.ep".
[Wed Mar  6 19:22:58 2013] [debug] Rendering template "layouts/default.html.ep".
[Wed Mar  6 19:22:58 2013] [debug] 200 OK (0.006810s, 146.843/s).
[Wed Mar  6 19:22:58 2013] [debug] Reading config file "/Users/espent/Oslo.pm/perl_tent/perl_tent.conf".
[Wed Mar  6 19:23:02 2013] [debug] Reading config file "/Users/espent/Oslo.pm/perl_tent/perl_tent.conf".
[Wed Mar  6 19:23:02 2013] [debug] Your secret passphrase needs to be changed!!!
[Wed Mar  6 19:23:02 2013] [debug] GET / (Mojolicious (Perl)).
[Wed Mar  6 19:23:02 2013] [debug] Routing to controller "PerlTent::Example" and action "welcome".
[Wed Mar  6 19:23:02 2013] [debug] Rendering template "example/welcome.html.ep".
[Wed Mar  6 19:23:02 2013] [debug] Rendering template "layouts/default.html.ep".
[Wed Mar  6 19:23:02 2013] [debug] 200 OK (0.008595s, 116.347/s).
[Wed Mar  6 19:23:02 2013] [debug] Reading config file "/Users/espent/Oslo.pm/perl_tent/perl_tent.conf".
[Wed Mar  6 19:23:02 2013] [debug] Reading config file "/Users/espent/Oslo.pm/perl_tent/perl_tent.conf".
[Wed Mar  6 19:23:02 2013] [debug] Your secret passphrase needs to be changed!!!
[Wed Mar  6 19:23:02 2013] [debug] GET / (Mojolicious (Perl)).
[Wed Mar  6 19:23:02 2013] [debug] Routing to controller "PerlTent::Example" and action "welcome".
[Wed Mar  6 19:23:02 2013] [debug] Rendering template "example/welcome.html.ep".
[Wed Mar  6 19:23:02 2013] [debug] Rendering template "layouts/default.html.ep".
[Wed Mar  6 19:23:02 2013] [debug] 200 OK (0.009001s, 111.099/s).
[Wed Mar  6 19:23:02 2013] [debug] Reading config file "/Users/espent/Oslo.pm/perl_tent/perl_tent.conf".
[Wed Mar  6 19:23:06 2013] [debug] Reading config file "/Users/espent/Oslo.pm/perl_tent/perl_tent.conf".
[Wed Mar  6 19:23:06 2013] [debug] Your secret passphrase needs to be changed!!!
[Wed Mar  6 19:23:06 2013] [debug] GET / (Mojolicious (Perl)).
[Wed Mar  6 19:23:06 2013] [debug] Routing to controller "PerlTent::Example" and action "welcome".
[Wed Mar  6 19:23:06 2013] [debug] Rendering template "example/welcome.html.ep".
[Wed Mar  6 19:23:06 2013] [debug] Rendering template "layouts/default.html.ep".
[Wed Mar  6 19:23:06 2013] [debug] 200 OK (0.008539s, 117.110/s).
[Wed Mar  6 19:23:06 2013] [debug] Reading config file "/Users/espent/Oslo.pm/perl_tent/perl_tent.conf".
[Wed Mar  6 19:23:06 2013] [debug] Reading config file "/Users/espent/Oslo.pm/perl_tent/perl_tent.conf".
[Wed Mar  6 19:23:06 2013] [debug] Your secret passphrase needs to be changed!!!
[Wed Mar  6 19:23:06 2013] [debug] GET / (Mojolicious (Perl)).
[Wed Mar  6 19:23:06 2013] [debug] Routing to controller "PerlTent::Example" and action "welcome".
[Wed Mar  6 19:23:06 2013] [debug] Rendering template "example/welcome.html.ep".
[Wed Mar  6 19:23:06 2013] [debug] Rendering template "layouts/default.html.ep".
[Wed Mar  6 19:23:06 2013] [debug] 200 OK (0.008644s, 115.687/s).
[Wed Mar  6 19:23:07 2013] [debug] Reading config file "/Users/espent/Oslo.pm/perl_tent/perl_tent.conf".
[Wed Mar  6 19:23:10 2013] [debug] Reading config file "/Users/espent/Oslo.pm/perl_tent/perl_tent.conf".
[Wed Mar  6 19:23:10 2013] [debug] Your secret passphrase needs to be changed!!!
[Wed Mar  6 19:23:10 2013] [debug] GET / (Mojolicious (Perl)).
[Wed Mar  6 19:23:10 2013] [debug] Routing to controller "PerlTent::Example" and action "welcome".
[Wed Mar  6 19:23:10 2013] [debug] Rendering template "example/welcome.html.ep".
[Wed Mar  6 19:23:10 2013] [debug] Rendering template "layouts/default.html.ep".
[Wed Mar  6 19:23:10 2013] [debug] 200 OK (0.008607s, 116.185/s).
[Wed Mar  6 19:23:10 2013] [debug] Reading config file "/Users/espent/Oslo.pm/perl_tent/perl_tent.conf".
[Wed Mar  6 19:23:11 2013] [debug] Reading config file "/Users/espent/Oslo.pm/perl_tent/perl_tent.conf".
[Wed Mar  6 19:23:11 2013] [debug] Your secret passphrase needs to be changed!!!
[Wed Mar  6 19:23:11 2013] [debug] GET / (Mojolicious (Perl)).
[Wed Mar  6 19:23:11 2013] [debug] Routing to controller "PerlTent::Example" and action "welcome".
[Wed Mar  6 19:23:11 2013] [debug] Rendering template "example/welcome.html.ep".
[Wed Mar  6 19:23:11 2013] [debug] Rendering template "layouts/default.html.ep".
[Wed Mar  6 19:23:11 2013] [debug] 200 OK (0.006419s, 155.788/s).
[Wed Mar  6 19:23:11 2013] [debug] Reading config file "/Users/espent/Oslo.pm/perl_tent/perl_tent.conf".
[Wed Mar  6 19:23:14 2013] [debug] Reading config file "/Users/espent/Oslo.pm/perl_tent/perl_tent.conf".
[Wed Mar  6 19:23:14 2013] [debug] Your secret passphrase needs to be changed!!!
[Wed Mar  6 19:23:14 2013] [debug] GET / (Mojolicious (Perl)).
[Wed Mar  6 19:23:14 2013] [debug] Routing to controller "PerlTent::Example" and action "welcome".
[Wed Mar  6 19:23:14 2013] [debug] Rendering template "example/welcome.html.ep".
[Wed Mar  6 19:23:14 2013] [debug] Rendering template "layouts/default.html.ep".
[Wed Mar  6 19:23:14 2013] [debug] 200 OK (0.006412s, 155.958/s).
[Wed Mar  6 19:23:15 2013] [debug] Reading config file "/Users/espent/Oslo.pm/perl_tent/perl_tent.conf".
[Wed Mar  6 19:23:15 2013] [debug] Reading config file "/Users/espent/Oslo.pm/perl_tent/perl_tent.conf".
[Wed Mar  6 19:23:15 2013] [debug] Your secret passphrase needs to be changed!!!
[Wed Mar  6 19:23:15 2013] [debug] GET / (Mojolicious (Perl)).
[Wed Mar  6 19:23:15 2013] [debug] Routing to controller "PerlTent::Example" and action "welcome".
[Wed Mar  6 19:23:15 2013] [debug] Rendering template "example/welcome.html.ep".
[Wed Mar  6 19:23:15 2013] [debug] Rendering template "layouts/default.html.ep".
[Wed Mar  6 19:23:15 2013] [debug] 200 OK (0.008851s, 112.982/s).
[Wed Mar  6 19:23:15 2013] [debug] Reading config file "/Users/espent/Oslo.pm/perl_tent/perl_tent.conf".
[Wed Mar  6 19:23:19 2013] [debug] Reading config file "/Users/espent/Oslo.pm/perl_tent/perl_tent.conf".
[Wed Mar  6 19:23:19 2013] [debug] Your secret passphrase needs to be changed!!!
[Wed Mar  6 19:23:19 2013] [debug] GET / (Mojolicious (Perl)).
[Wed Mar  6 19:23:19 2013] [debug] Routing to controller "PerlTent::Example" and action "welcome".
[Wed Mar  6 19:23:19 2013] [debug] Rendering template "example/welcome.html.ep".
[Wed Mar  6 19:23:19 2013] [debug] Rendering template "layouts/default.html.ep".
[Wed Mar  6 19:23:19 2013] [debug] 200 OK (0.008508s, 117.536/s).
[Wed Mar  6 19:23:19 2013] [debug] Reading config file "/Users/espent/Oslo.pm/perl_tent/perl_tent.conf".
[Wed Mar  6 19:23:19 2013] [debug] Reading config file "/Users/espent/Oslo.pm/perl_tent/perl_tent.conf".
[Wed Mar  6 19:23:19 2013] [debug] Your secret passphrase needs to be changed!!!
[Wed Mar  6 19:23:19 2013] [debug] GET / (Mojolicious (Perl)).
[Wed Mar  6 19:23:19 2013] [debug] Routing to controller "PerlTent::Example" and action "welcome".
[Wed Mar  6 19:23:19 2013] [debug] Rendering template "example/welcome.html.ep".
[Wed Mar  6 19:23:19 2013] [debug] Rendering template "layouts/default.html.ep".
[Wed Mar  6 19:23:19 2013] [debug] 200 OK (0.008595s, 116.347/s).
[Wed Mar  6 19:23:19 2013] [debug] Reading config file "/Users/espent/Oslo.pm/perl_tent/perl_tent.conf".
[Wed Mar  6 19:23:23 2013] [debug] Reading config file "/Users/espent/Oslo.pm/perl_tent/perl_tent.conf".
[Wed Mar  6 19:23:23 2013] [debug] Your secret passphrase needs to be changed!!!
[Wed Mar  6 19:23:23 2013] [debug] GET / (Mojolicious (Perl)).
[Wed Mar  6 19:23:23 2013] [debug] Routing to controller "PerlTent::Example" and action "welcome".
[Wed Mar  6 19:23:23 2013] [debug] Rendering template "example/welcome.html.ep".
[Wed Mar  6 19:23:23 2013] [debug] Rendering template "layouts/default.html.ep".
[Wed Mar  6 19:23:23 2013] [debug] 200 OK (0.006799s, 147.080/s).
[Wed Mar  6 19:23:23 2013] [debug] Reading config file "/Users/espent/Oslo.pm/perl_tent/perl_tent.conf".
[Wed Mar  6 19:23:23 2013] [debug] Reading config file "/Users/espent/Oslo.pm/perl_tent/perl_tent.conf".
[Wed Mar  6 19:23:23 2013] [debug] Your secret passphrase needs to be changed!!!
[Wed Mar  6 19:23:23 2013] [debug] GET / (Mojolicious (Perl)).
[Wed Mar  6 19:23:23 2013] [debug] Routing to controller "PerlTent::Example" and action "welcome".
[Wed Mar  6 19:23:23 2013] [debug] Rendering template "example/welcome.html.ep".
[Wed Mar  6 19:23:23 2013] [debug] Rendering template "layouts/default.html.ep".
[Wed Mar  6 19:23:23 2013] [debug] 200 OK (0.008560s, 116.822/s).
[Wed Mar  6 19:23:24 2013] [debug] Reading config file "/Users/espent/Oslo.pm/perl_tent/perl_tent.conf".
[Wed Mar  6 19:23:27 2013] [debug] Reading config file "/Users/espent/Oslo.pm/perl_tent/perl_tent.conf".
[Wed Mar  6 19:23:27 2013] [debug] Your secret passphrase needs to be changed!!!
[Wed Mar  6 19:23:27 2013] [debug] GET / (Mojolicious (Perl)).
[Wed Mar  6 19:23:27 2013] [debug] Routing to controller "PerlTent::Example" and action "welcome".
[Wed Mar  6 19:23:27 2013] [debug] Rendering template "example/welcome.html.ep".
[Wed Mar  6 19:23:27 2013] [debug] Rendering template "layouts/default.html.ep".
[Wed Mar  6 19:23:27 2013] [debug] 200 OK (0.006415s, 155.885/s).
[Wed Mar  6 19:23:27 2013] [debug] Reading config file "/Users/espent/Oslo.pm/perl_tent/perl_tent.conf".
[Wed Mar  6 19:23:28 2013] [debug] Reading config file "/Users/espent/Oslo.pm/perl_tent/perl_tent.conf".
[Wed Mar  6 19:23:28 2013] [debug] Your secret passphrase needs to be changed!!!
[Wed Mar  6 19:23:28 2013] [debug] GET / (Mojolicious (Perl)).
[Wed Mar  6 19:23:28 2013] [debug] Routing to controller "PerlTent::Example" and action "welcome".
[Wed Mar  6 19:23:28 2013] [debug] Rendering template "example/welcome.html.ep".
[Wed Mar  6 19:23:28 2013] [debug] Rendering template "layouts/default.html.ep".
[Wed Mar  6 19:23:28 2013] [debug] 200 OK (0.006389s, 156.519/s).
[Wed Mar  6 19:23:28 2013] [debug] Reading config file "/Users/espent/Oslo.pm/perl_tent/perl_tent.conf".
[Wed Mar  6 19:23:31 2013] [debug] Reading config file "/Users/espent/Oslo.pm/perl_tent/perl_tent.conf".
[Wed Mar  6 19:23:31 2013] [debug] Your secret passphrase needs to be changed!!!
[Wed Mar  6 19:23:31 2013] [debug] GET / (Mojolicious (Perl)).
[Wed Mar  6 19:23:31 2013] [debug] Routing to controller "PerlTent::Example" and action "welcome".
[Wed Mar  6 19:23:31 2013] [debug] Rendering template "example/welcome.html.ep".
[Wed Mar  6 19:23:31 2013] [debug] Rendering template "layouts/default.html.ep".
[Wed Mar  6 19:23:31 2013] [debug] 200 OK (0.008461s, 118.189/s).
[Wed Mar  6 19:23:32 2013] [debug] Reading config file "/Users/espent/Oslo.pm/perl_tent/perl_tent.conf".
[Wed Mar  6 19:23:32 2013] [debug] Reading config file "/Users/espent/Oslo.pm/perl_tent/perl_tent.conf".
[Wed Mar  6 19:23:32 2013] [debug] Your secret passphrase needs to be changed!!!
[Wed Mar  6 19:23:32 2013] [debug] GET / (Mojolicious (Perl)).
[Wed Mar  6 19:23:32 2013] [debug] Routing to controller "PerlTent::Example" and action "welcome".
[Wed Mar  6 19:23:32 2013] [debug] Rendering template "example/welcome.html.ep".
[Wed Mar  6 19:23:32 2013] [debug] Rendering template "layouts/default.html.ep".
[Wed Mar  6 19:23:32 2013] [debug] 200 OK (0.008461s, 118.189/s).
[Wed Mar  6 19:23:36 2013] [debug] Reading config file "/Users/espent/Oslo.pm/perl_tent/perl_tent.conf".
[Wed Mar  6 19:23:36 2013] [debug] Your secret passphrase needs to be changed!!!
[Wed Mar  6 19:23:36 2013] [debug] GET / (Mojolicious (Perl)).
[Wed Mar  6 19:23:36 2013] [debug] Routing to controller "PerlTent::Example" and action "welcome".
[Wed Mar  6 19:23:36 2013] [debug] Rendering template "example/welcome.html.ep".
[Wed Mar  6 19:23:36 2013] [debug] Rendering template "layouts/default.html.ep".
[Wed Mar  6 19:23:36 2013] [debug] 200 OK (0.008546s, 117.014/s).
[Wed Mar  6 19:23:36 2013] [debug] Reading config file "/Users/espent/Oslo.pm/perl_tent/perl_tent.conf".
[Wed Mar  6 19:23:39 2013] [debug] Reading config file "/Users/espent/Oslo.pm/perl_tent/perl_tent.conf".
[Wed Mar  6 19:23:39 2013] [debug] Your secret passphrase needs to be changed!!!
[Wed Mar  6 19:23:39 2013] [debug] GET / (Mojolicious (Perl)).
[Wed Mar  6 19:23:39 2013] [debug] Routing to controller "PerlTent::Example" and action "welcome".
[Wed Mar  6 19:23:39 2013] [debug] Rendering template "example/welcome.html.ep".
[Wed Mar  6 19:23:39 2013] [debug] Rendering template "layouts/default.html.ep".
[Wed Mar  6 19:23:39 2013] [debug] 200 OK (0.008414s, 118.850/s).
[Wed Mar  6 19:23:40 2013] [debug] Reading config file "/Users/espent/Oslo.pm/perl_tent/perl_tent.conf".
[Wed Mar  6 19:23:40 2013] [debug] Reading config file "/Users/espent/Oslo.pm/perl_tent/perl_tent.conf".
[Wed Mar  6 19:23:40 2013] [debug] Your secret passphrase needs to be changed!!!
[Wed Mar  6 19:23:40 2013] [debug] GET / (Mojolicious (Perl)).
[Wed Mar  6 19:23:40 2013] [debug] Routing to controller "PerlTent::Example" and action "welcome".
[Wed Mar  6 19:23:40 2013] [debug] Rendering template "example/welcome.html.ep".
[Wed Mar  6 19:23:40 2013] [debug] Rendering template "layouts/default.html.ep".
[Wed Mar  6 19:23:40 2013] [debug] 200 OK (0.007197s, 138.947/s).
[Wed Mar  6 19:23:40 2013] [debug] Reading config file "/Users/espent/Oslo.pm/perl_tent/perl_tent.conf".
[Wed Mar  6 19:23:44 2013] [debug] Reading config file "/Users/espent/Oslo.pm/perl_tent/perl_tent.conf".
[Wed Mar  6 19:23:44 2013] [debug] Your secret passphrase needs to be changed!!!
[Wed Mar  6 19:23:44 2013] [debug] GET / (Mojolicious (Perl)).
[Wed Mar  6 19:23:44 2013] [debug] Routing to controller "PerlTent::Example" and action "welcome".
[Wed Mar  6 19:23:44 2013] [debug] Rendering template "example/welcome.html.ep".
[Wed Mar  6 19:23:44 2013] [debug] Rendering template "layouts/default.html.ep".
[Wed Mar  6 19:23:44 2013] [debug] 200 OK (0.008489s, 117.800/s).
[Wed Mar  6 19:23:44 2013] [debug] Reading config file "/Users/espent/Oslo.pm/perl_tent/perl_tent.conf".
[Wed Mar  6 19:23:44 2013] [debug] Reading config file "/Users/espent/Oslo.pm/perl_tent/perl_tent.conf".
[Wed Mar  6 19:23:44 2013] [debug] Your secret passphrase needs to be changed!!!
[Wed Mar  6 19:23:44 2013] [debug] GET / (Mojolicious (Perl)).
[Wed Mar  6 19:23:44 2013] [debug] Routing to controller "PerlTent::Example" and action "welcome".
[Wed Mar  6 19:23:44 2013] [debug] Rendering template "example/welcome.html.ep".
[Wed Mar  6 19:23:44 2013] [debug] Rendering template "layouts/default.html.ep".
[Wed Mar  6 19:23:44 2013] [debug] 200 OK (0.006590s, 151.745/s).
[Wed Mar  6 19:23:44 2013] [debug] Reading config file "/Users/espent/Oslo.pm/perl_tent/perl_tent.conf".
[Wed Mar  6 19:23:48 2013] [debug] Reading config file "/Users/espent/Oslo.pm/perl_tent/perl_tent.conf".
[Wed Mar  6 19:23:48 2013] [debug] Your secret passphrase needs to be changed!!!
[Wed Mar  6 19:23:48 2013] [debug] GET / (Mojolicious (Perl)).
[Wed Mar  6 19:23:48 2013] [debug] Routing to controller "PerlTent::Example" and action "welcome".
[Wed Mar  6 19:23:48 2013] [debug] Rendering template "example/welcome.html.ep".
[Wed Mar  6 19:23:48 2013] [debug] Rendering template "layouts/default.html.ep".
[Wed Mar  6 19:23:48 2013] [debug] 200 OK (0.006766s, 147.798/s).
[Wed Mar  6 19:23:48 2013] [debug] Reading config file "/Users/espent/Oslo.pm/perl_tent/perl_tent.conf".
[Wed Mar  6 19:23:48 2013] [debug] Reading config file "/Users/espent/Oslo.pm/perl_tent/perl_tent.conf".
[Wed Mar  6 19:23:48 2013] [debug] Your secret passphrase needs to be changed!!!
[Wed Mar  6 19:23:48 2013] [debug] GET / (Mojolicious (Perl)).
[Wed Mar  6 19:23:48 2013] [debug] Routing to controller "PerlTent::Example" and action "welcome".
[Wed Mar  6 19:23:48 2013] [debug] Rendering template "example/welcome.html.ep".
[Wed Mar  6 19:23:48 2013] [debug] Rendering template "layouts/default.html.ep".
[Wed Mar  6 19:23:48 2013] [debug] 200 OK (0.008351s, 119.746/s).
[Wed Mar  6 19:23:49 2013] [debug] Reading config file "/Users/espent/Oslo.pm/perl_tent/perl_tent.conf".
[Wed Mar  6 19:23:52 2013] [debug] Reading config file "/Users/espent/Oslo.pm/perl_tent/perl_tent.conf".
[Wed Mar  6 19:23:52 2013] [debug] Your secret passphrase needs to be changed!!!
[Wed Mar  6 19:23:52 2013] [debug] GET / (Mojolicious (Perl)).
[Wed Mar  6 19:23:52 2013] [debug] Routing to controller "PerlTent::Example" and action "welcome".
[Wed Mar  6 19:23:52 2013] [debug] Rendering template "example/welcome.html.ep".
[Wed Mar  6 19:23:52 2013] [debug] Rendering template "layouts/default.html.ep".
[Wed Mar  6 19:23:52 2013] [debug] 200 OK (0.008533s, 117.192/s).
[Wed Mar  6 19:23:52 2013] [debug] Reading config file "/Users/espent/Oslo.pm/perl_tent/perl_tent.conf".
[Wed Mar  6 19:23:53 2013] [debug] Reading config file "/Users/espent/Oslo.pm/perl_tent/perl_tent.conf".
[Wed Mar  6 19:23:53 2013] [debug] Your secret passphrase needs to be changed!!!
[Wed Mar  6 19:23:53 2013] [debug] GET / (Mojolicious (Perl)).
[Wed Mar  6 19:23:53 2013] [debug] Routing to controller "PerlTent::Example" and action "welcome".
[Wed Mar  6 19:23:53 2013] [debug] Rendering template "example/welcome.html.ep".
[Wed Mar  6 19:23:53 2013] [debug] Rendering template "layouts/default.html.ep".
[Wed Mar  6 19:23:53 2013] [debug] 200 OK (0.006455s, 154.919/s).
[Wed Mar  6 19:23:53 2013] [debug] Reading config file "/Users/espent/Oslo.pm/perl_tent/perl_tent.conf".
[Wed Mar  6 19:23:56 2013] [debug] Reading config file "/Users/espent/Oslo.pm/perl_tent/perl_tent.conf".
[Wed Mar  6 19:23:56 2013] [debug] Your secret passphrase needs to be changed!!!
[Wed Mar  6 19:23:56 2013] [debug] GET / (Mojolicious (Perl)).
[Wed Mar  6 19:23:56 2013] [debug] Routing to controller "PerlTent::Example" and action "welcome".
[Wed Mar  6 19:23:56 2013] [debug] Rendering template "example/welcome.html.ep".
[Wed Mar  6 19:23:56 2013] [debug] Rendering template "layouts/default.html.ep".
[Wed Mar  6 19:23:56 2013] [debug] 200 OK (0.008401s, 119.033/s).
[Wed Mar  6 19:23:57 2013] [debug] Reading config file "/Users/espent/Oslo.pm/perl_tent/perl_tent.conf".
[Wed Mar  6 19:23:57 2013] [debug] Reading config file "/Users/espent/Oslo.pm/perl_tent/perl_tent.conf".
[Wed Mar  6 19:23:57 2013] [debug] Your secret passphrase needs to be changed!!!
[Wed Mar  6 19:23:57 2013] [debug] GET / (Mojolicious (Perl)).
[Wed Mar  6 19:23:57 2013] [debug] Routing to controller "PerlTent::Example" and action "welcome".
[Wed Mar  6 19:23:57 2013] [debug] Rendering template "example/welcome.html.ep".
[Wed Mar  6 19:23:57 2013] [debug] Rendering template "layouts/default.html.ep".
[Wed Mar  6 19:23:57 2013] [debug] 200 OK (0.006389s, 156.519/s).
[Wed Mar  6 19:23:57 2013] [debug] Reading config file "/Users/espent/Oslo.pm/perl_tent/perl_tent.conf".
[Wed Mar  6 19:24:01 2013] [debug] Reading config file "/Users/espent/Oslo.pm/perl_tent/perl_tent.conf".
[Wed Mar  6 19:24:01 2013] [debug] Your secret passphrase needs to be changed!!!
[Wed Mar  6 19:24:01 2013] [debug] GET / (Mojolicious (Perl)).
[Wed Mar  6 19:24:01 2013] [debug] Routing to controller "PerlTent::Example" and action "welcome".
[Wed Mar  6 19:24:01 2013] [debug] Rendering template "example/welcome.html.ep".
[Wed Mar  6 19:24:01 2013] [debug] Rendering template "layouts/default.html.ep".
[Wed Mar  6 19:24:01 2013] [debug] 200 OK (0.006794s, 147.189/s).
[Wed Mar  6 19:24:01 2013] [debug] Reading config file "/Users/espent/Oslo.pm/perl_tent/perl_tent.conf".
[Wed Mar  6 19:24:01 2013] [debug] Reading config file "/Users/espent/Oslo.pm/perl_tent/perl_tent.conf".
[Wed Mar  6 19:24:01 2013] [debug] Your secret passphrase needs to be changed!!!
[Wed Mar  6 19:24:01 2013] [debug] GET / (Mojolicious (Perl)).
[Wed Mar  6 19:24:01 2013] [debug] Routing to controller "PerlTent::Example" and action "welcome".
[Wed Mar  6 19:24:01 2013] [debug] Rendering template "example/welcome.html.ep".
[Wed Mar  6 19:24:01 2013] [debug] Rendering template "layouts/default.html.ep".
[Wed Mar  6 19:24:01 2013] [debug] 200 OK (0.008440s, 118.483/s).
[Wed Mar  6 19:24:01 2013] [debug] Reading config file "/Users/espent/Oslo.pm/perl_tent/perl_tent.conf".
[Wed Mar  6 19:24:05 2013] [debug] Reading config file "/Users/espent/Oslo.pm/perl_tent/perl_tent.conf".
[Wed Mar  6 19:24:05 2013] [debug] Your secret passphrase needs to be changed!!!
[Wed Mar  6 19:24:05 2013] [debug] GET / (Mojolicious (Perl)).
[Wed Mar  6 19:24:05 2013] [debug] Routing to controller "PerlTent::Example" and action "welcome".
[Wed Mar  6 19:24:05 2013] [debug] Rendering template "example/welcome.html.ep".
[Wed Mar  6 19:24:05 2013] [debug] Rendering template "layouts/default.html.ep".
[Wed Mar  6 19:24:05 2013] [debug] 200 OK (0.006816s, 146.714/s).
[Wed Mar  6 19:24:05 2013] [debug] Reading config file "/Users/espent/Oslo.pm/perl_tent/perl_tent.conf".
[Wed Mar  6 19:24:05 2013] [debug] Reading config file "/Users/espent/Oslo.pm/perl_tent/perl_tent.conf".
[Wed Mar  6 19:24:05 2013] [debug] Your secret passphrase needs to be changed!!!
[Wed Mar  6 19:24:05 2013] [debug] GET / (Mojolicious (Perl)).
[Wed Mar  6 19:24:05 2013] [debug] Routing to controller "PerlTent::Example" and action "welcome".
[Wed Mar  6 19:24:05 2013] [debug] Rendering template "example/welcome.html.ep".
[Wed Mar  6 19:24:05 2013] [debug] Rendering template "layouts/default.html.ep".
[Wed Mar  6 19:24:05 2013] [debug] 200 OK (0.006617s, 151.126/s).
[Wed Mar  6 19:24:06 2013] [debug] Reading config file "/Users/espent/Oslo.pm/perl_tent/perl_tent.conf".
[Wed Mar  6 19:24:09 2013] [debug] Reading config file "/Users/espent/Oslo.pm/perl_tent/perl_tent.conf".
[Wed Mar  6 19:24:09 2013] [debug] Your secret passphrase needs to be changed!!!
[Wed Mar  6 19:24:09 2013] [debug] GET / (Mojolicious (Perl)).
[Wed Mar  6 19:24:09 2013] [debug] Routing to controller "PerlTent::Example" and action "welcome".
[Wed Mar  6 19:24:09 2013] [debug] Rendering template "example/welcome.html.ep".
[Wed Mar  6 19:24:09 2013] [debug] Rendering template "layouts/default.html.ep".
[Wed Mar  6 19:24:09 2013] [debug] 200 OK (0.008502s, 117.619/s).
[Wed Mar  6 19:24:09 2013] [debug] Reading config file "/Users/espent/Oslo.pm/perl_tent/perl_tent.conf".
[Wed Mar  6 19:24:10 2013] [debug] Reading config file "/Users/espent/Oslo.pm/perl_tent/perl_tent.conf".
[Wed Mar  6 19:24:10 2013] [debug] Your secret passphrase needs to be changed!!!
[Wed Mar  6 19:24:10 2013] [debug] GET / (Mojolicious (Perl)).
[Wed Mar  6 19:24:10 2013] [debug] Routing to controller "PerlTent::Example" and action "welcome".
[Wed Mar  6 19:24:10 2013] [debug] Rendering template "example/welcome.html.ep".
[Wed Mar  6 19:24:10 2013] [debug] Rendering template "layouts/default.html.ep".
[Wed Mar  6 19:24:10 2013] [debug] 200 OK (0.008576s, 116.604/s).
[Wed Mar  6 19:24:10 2013] [debug] Reading config file "/Users/espent/Oslo.pm/perl_tent/perl_tent.conf".
[Wed Mar  6 19:24:13 2013] [debug] Reading config file "/Users/espent/Oslo.pm/perl_tent/perl_tent.conf".
[Wed Mar  6 19:24:13 2013] [debug] Your secret passphrase needs to be changed!!!
[Wed Mar  6 19:24:13 2013] [debug] GET / (Mojolicious (Perl)).
[Wed Mar  6 19:24:13 2013] [debug] Routing to controller "PerlTent::Example" and action "welcome".
[Wed Mar  6 19:24:13 2013] [debug] Rendering template "example/welcome.html.ep".
[Wed Mar  6 19:24:13 2013] [debug] Rendering template "layouts/default.html.ep".
[Wed Mar  6 19:24:13 2013] [debug] 200 OK (0.008545s, 117.028/s).
[Wed Mar  6 19:24:14 2013] [debug] Reading config file "/Users/espent/Oslo.pm/perl_tent/perl_tent.conf".
[Wed Mar  6 19:24:14 2013] [debug] Reading config file "/Users/espent/Oslo.pm/perl_tent/perl_tent.conf".
[Wed Mar  6 19:24:14 2013] [debug] Your secret passphrase needs to be changed!!!
[Wed Mar  6 19:24:14 2013] [debug] GET / (Mojolicious (Perl)).
[Wed Mar  6 19:24:14 2013] [debug] Routing to controller "PerlTent::Example" and action "welcome".
[Wed Mar  6 19:24:14 2013] [debug] Rendering template "example/welcome.html.ep".
[Wed Mar  6 19:24:14 2013] [debug] Rendering template "layouts/default.html.ep".
[Wed Mar  6 19:24:14 2013] [debug] 200 OK (0.006539s, 152.929/s).
[Wed Mar  6 19:24:14 2013] [debug] Reading config file "/Users/espent/Oslo.pm/perl_tent/perl_tent.conf".
[Wed Mar  6 19:24:18 2013] [debug] Reading config file "/Users/espent/Oslo.pm/perl_tent/perl_tent.conf".
[Wed Mar  6 19:24:18 2013] [debug] Your secret passphrase needs to be changed!!!
[Wed Mar  6 19:24:18 2013] [debug] GET / (Mojolicious (Perl)).
[Wed Mar  6 19:24:18 2013] [debug] Routing to controller "PerlTent::Example" and action "welcome".
[Wed Mar  6 19:24:18 2013] [debug] Rendering template "example/welcome.html.ep".
[Wed Mar  6 19:24:18 2013] [debug] Rendering template "layouts/default.html.ep".
[Wed Mar  6 19:24:18 2013] [debug] 200 OK (0.008501s, 117.633/s).
[Wed Mar  6 19:24:18 2013] [debug] Reading config file "/Users/espent/Oslo.pm/perl_tent/perl_tent.conf".
[Wed Mar  6 19:24:18 2013] [debug] Reading config file "/Users/espent/Oslo.pm/perl_tent/perl_tent.conf".
[Wed Mar  6 19:24:18 2013] [debug] Your secret passphrase needs to be changed!!!
[Wed Mar  6 19:24:18 2013] [debug] GET / (Mojolicious (Perl)).
[Wed Mar  6 19:24:18 2013] [debug] Routing to controller "PerlTent::Example" and action "welcome".
[Wed Mar  6 19:24:18 2013] [debug] Rendering template "example/welcome.html.ep".
[Wed Mar  6 19:24:18 2013] [debug] Rendering template "layouts/default.html.ep".
[Wed Mar  6 19:24:18 2013] [debug] 200 OK (0.006659s, 150.173/s).
[Wed Mar  6 19:24:18 2013] [debug] Reading config file "/Users/espent/Oslo.pm/perl_tent/perl_tent.conf".
[Wed Mar  6 19:24:22 2013] [debug] Reading config file "/Users/espent/Oslo.pm/perl_tent/perl_tent.conf".
[Wed Mar  6 19:24:22 2013] [debug] Your secret passphrase needs to be changed!!!
[Wed Mar  6 19:24:22 2013] [debug] GET / (Mojolicious (Perl)).
[Wed Mar  6 19:24:22 2013] [debug] Routing to controller "PerlTent::Example" and action "welcome".
[Wed Mar  6 19:24:22 2013] [debug] Rendering template "example/welcome.html.ep".
[Wed Mar  6 19:24:22 2013] [debug] Rendering template "layouts/default.html.ep".
[Wed Mar  6 19:24:22 2013] [debug] 200 OK (0.008439s, 118.497/s).
[Wed Mar  6 19:24:22 2013] [debug] Reading config file "/Users/espent/Oslo.pm/perl_tent/perl_tent.conf".
[Wed Mar  6 19:24:22 2013] [debug] Reading config file "/Users/espent/Oslo.pm/perl_tent/perl_tent.conf".
[Wed Mar  6 19:24:22 2013] [debug] Your secret passphrase needs to be changed!!!
[Wed Mar  6 19:24:22 2013] [debug] GET / (Mojolicious (Perl)).
[Wed Mar  6 19:24:22 2013] [debug] Routing to controller "PerlTent::Example" and action "welcome".
[Wed Mar  6 19:24:22 2013] [debug] Rendering template "example/welcome.html.ep".
[Wed Mar  6 19:24:22 2013] [debug] Rendering template "layouts/default.html.ep".
[Wed Mar  6 19:24:22 2013] [debug] 200 OK (0.008486s, 117.841/s).
[Wed Mar  6 19:24:23 2013] [debug] Reading config file "/Users/espent/Oslo.pm/perl_tent/perl_tent.conf".
[Wed Mar  6 19:24:26 2013] [debug] Reading config file "/Users/espent/Oslo.pm/perl_tent/perl_tent.conf".
[Wed Mar  6 19:24:26 2013] [debug] Your secret passphrase needs to be changed!!!
[Wed Mar  6 19:24:26 2013] [debug] GET / (Mojolicious (Perl)).
[Wed Mar  6 19:24:26 2013] [debug] Routing to controller "PerlTent::Example" and action "welcome".
[Wed Mar  6 19:24:26 2013] [debug] Rendering template "example/welcome.html.ep".
[Wed Mar  6 19:24:26 2013] [debug] Rendering template "layouts/default.html.ep".
[Wed Mar  6 19:24:26 2013] [debug] 200 OK (0.006493s, 154.012/s).
[Wed Mar  6 19:24:26 2013] [debug] Reading config file "/Users/espent/Oslo.pm/perl_tent/perl_tent.conf".
[Wed Mar  6 19:24:27 2013] [debug] Reading config file "/Users/espent/Oslo.pm/perl_tent/perl_tent.conf".
[Wed Mar  6 19:24:27 2013] [debug] Your secret passphrase needs to be changed!!!
[Wed Mar  6 19:24:27 2013] [debug] GET / (Mojolicious (Perl)).
[Wed Mar  6 19:24:27 2013] [debug] Routing to controller "PerlTent::Example" and action "welcome".
[Wed Mar  6 19:24:27 2013] [debug] Rendering template "example/welcome.html.ep".
[Wed Mar  6 19:24:27 2013] [debug] Rendering template "layouts/default.html.ep".
[Wed Mar  6 19:24:27 2013] [debug] 200 OK (0.008912s, 112.208/s).
[Wed Mar  6 19:24:27 2013] [debug] Reading config file "/Users/espent/Oslo.pm/perl_tent/perl_tent.conf".
[Wed Mar  6 19:24:30 2013] [debug] Reading config file "/Users/espent/Oslo.pm/perl_tent/perl_tent.conf".
[Wed Mar  6 19:24:30 2013] [debug] Your secret passphrase needs to be changed!!!
[Wed Mar  6 19:24:30 2013] [debug] GET / (Mojolicious (Perl)).
[Wed Mar  6 19:24:30 2013] [debug] Routing to controller "PerlTent::Example" and action "welcome".
[Wed Mar  6 19:24:30 2013] [debug] Rendering template "example/welcome.html.ep".
[Wed Mar  6 19:24:30 2013] [debug] Rendering template "layouts/default.html.ep".
[Wed Mar  6 19:24:30 2013] [debug] 200 OK (0.006633s, 150.761/s).
[Wed Mar  6 19:24:31 2013] [debug] Reading config file "/Users/espent/Oslo.pm/perl_tent/perl_tent.conf".
[Wed Mar  6 19:24:31 2013] [debug] Reading config file "/Users/espent/Oslo.pm/perl_tent/perl_tent.conf".
[Wed Mar  6 19:24:31 2013] [debug] Your secret passphrase needs to be changed!!!
[Wed Mar  6 19:24:31 2013] [debug] GET / (Mojolicious (Perl)).
[Wed Mar  6 19:24:31 2013] [debug] Routing to controller "PerlTent::Example" and action "welcome".
[Wed Mar  6 19:24:31 2013] [debug] Rendering template "example/welcome.html.ep".
[Wed Mar  6 19:24:31 2013] [debug] Rendering template "layouts/default.html.ep".
[Wed Mar  6 19:24:31 2013] [debug] 200 OK (0.008452s, 118.315/s).
[Wed Mar  6 19:24:31 2013] [debug] Reading config file "/Users/espent/Oslo.pm/perl_tent/perl_tent.conf".
[Wed Mar  6 19:24:35 2013] [debug] Reading config file "/Users/espent/Oslo.pm/perl_tent/perl_tent.conf".
[Wed Mar  6 19:24:35 2013] [debug] Your secret passphrase needs to be changed!!!
[Wed Mar  6 19:24:35 2013] [debug] GET / (Mojolicious (Perl)).
[Wed Mar  6 19:24:35 2013] [debug] Routing to controller "PerlTent::Example" and action "welcome".
[Wed Mar  6 19:24:35 2013] [debug] Rendering template "example/welcome.html.ep".
[Wed Mar  6 19:24:35 2013] [debug] Rendering template "layouts/default.html.ep".
[Wed Mar  6 19:24:35 2013] [debug] 200 OK (0.006616s, 151.149/s).
[Wed Mar  6 19:24:35 2013] [debug] Reading config file "/Users/espent/Oslo.pm/perl_tent/perl_tent.conf".
[Wed Mar  6 19:24:35 2013] [debug] Reading config file "/Users/espent/Oslo.pm/perl_tent/perl_tent.conf".
[Wed Mar  6 19:24:35 2013] [debug] Your secret passphrase needs to be changed!!!
[Wed Mar  6 19:24:35 2013] [debug] GET / (Mojolicious (Perl)).
[Wed Mar  6 19:24:35 2013] [debug] Routing to controller "PerlTent::Example" and action "welcome".
[Wed Mar  6 19:24:35 2013] [debug] Rendering template "example/welcome.html.ep".
[Wed Mar  6 19:24:35 2013] [debug] Rendering template "layouts/default.html.ep".
[Wed Mar  6 19:24:35 2013] [debug] 200 OK (0.006793s, 147.210/s).
[Wed Mar  6 19:24:35 2013] [debug] Reading config file "/Users/espent/Oslo.pm/perl_tent/perl_tent.conf".
[Wed Mar  6 19:24:39 2013] [debug] Reading config file "/Users/espent/Oslo.pm/perl_tent/perl_tent.conf".
[Wed Mar  6 19:24:39 2013] [debug] Your secret passphrase needs to be changed!!!
[Wed Mar  6 19:24:39 2013] [debug] GET / (Mojolicious (Perl)).
[Wed Mar  6 19:24:39 2013] [debug] Routing to controller "PerlTent::Example" and action "welcome".
[Wed Mar  6 19:24:39 2013] [debug] Rendering template "example/welcome.html.ep".
[Wed Mar  6 19:24:39 2013] [debug] Rendering template "layouts/default.html.ep".
[Wed Mar  6 19:24:39 2013] [debug] 200 OK (0.008474s, 118.008/s).
[Wed Mar  6 19:24:39 2013] [debug] Reading config file "/Users/espent/Oslo.pm/perl_tent/perl_tent.conf".
[Wed Mar  6 19:24:39 2013] [debug] Reading config file "/Users/espent/Oslo.pm/perl_tent/perl_tent.conf".
[Wed Mar  6 19:24:39 2013] [debug] Your secret passphrase needs to be changed!!!
[Wed Mar  6 19:24:39 2013] [debug] GET / (Mojolicious (Perl)).
[Wed Mar  6 19:24:39 2013] [debug] Routing to controller "PerlTent::Example" and action "welcome".
[Wed Mar  6 19:24:39 2013] [debug] Rendering template "example/welcome.html.ep".
[Wed Mar  6 19:24:39 2013] [debug] Rendering template "layouts/default.html.ep".
[Wed Mar  6 19:24:39 2013] [debug] 200 OK (0.008479s, 117.938/s).
[Wed Mar  6 19:24:40 2013] [debug] Reading config file "/Users/espent/Oslo.pm/perl_tent/perl_tent.conf".
[Wed Mar  6 19:24:43 2013] [debug] Reading config file "/Users/espent/Oslo.pm/perl_tent/perl_tent.conf".
[Wed Mar  6 19:24:43 2013] [debug] Your secret passphrase needs to be changed!!!
[Wed Mar  6 19:24:43 2013] [debug] GET / (Mojolicious (Perl)).
[Wed Mar  6 19:24:43 2013] [debug] Routing to controller "PerlTent::Example" and action "welcome".
[Wed Mar  6 19:24:43 2013] [debug] Rendering template "example/welcome.html.ep".
[Wed Mar  6 19:24:43 2013] [debug] Rendering template "layouts/default.html.ep".
[Wed Mar  6 19:24:43 2013] [debug] 200 OK (0.006464s, 154.703/s).
[Wed Mar  6 19:24:43 2013] [debug] Reading config file "/Users/espent/Oslo.pm/perl_tent/perl_tent.conf".
[Wed Mar  6 19:24:44 2013] [debug] Reading config file "/Users/espent/Oslo.pm/perl_tent/perl_tent.conf".
[Wed Mar  6 19:24:44 2013] [debug] Your secret passphrase needs to be changed!!!
[Wed Mar  6 19:24:44 2013] [debug] GET / (Mojolicious (Perl)).
[Wed Mar  6 19:24:44 2013] [debug] Routing to controller "PerlTent::Example" and action "welcome".
[Wed Mar  6 19:24:44 2013] [debug] Rendering template "example/welcome.html.ep".
[Wed Mar  6 19:24:44 2013] [debug] Rendering template "layouts/default.html.ep".
[Wed Mar  6 19:24:44 2013] [debug] 200 OK (0.008983s, 111.321/s).
[Wed Mar  6 19:24:44 2013] [debug] Reading config file "/Users/espent/Oslo.pm/perl_tent/perl_tent.conf".
[Wed Mar  6 19:24:47 2013] [debug] Reading config file "/Users/espent/Oslo.pm/perl_tent/perl_tent.conf".
[Wed Mar  6 19:24:47 2013] [debug] Your secret passphrase needs to be changed!!!
[Wed Mar  6 19:24:47 2013] [debug] GET / (Mojolicious (Perl)).
[Wed Mar  6 19:24:47 2013] [debug] Routing to controller "PerlTent::Example" and action "welcome".
[Wed Mar  6 19:24:47 2013] [debug] Rendering template "example/welcome.html.ep".
[Wed Mar  6 19:24:47 2013] [debug] Rendering template "layouts/default.html.ep".
[Wed Mar  6 19:24:47 2013] [debug] 200 OK (0.006688s, 149.522/s).
[Wed Mar  6 19:24:48 2013] [debug] Reading config file "/Users/espent/Oslo.pm/perl_tent/perl_tent.conf".
[Wed Mar  6 19:24:48 2013] [debug] Reading config file "/Users/espent/Oslo.pm/perl_tent/perl_tent.conf".
[Wed Mar  6 19:24:48 2013] [debug] Your secret passphrase needs to be changed!!!
[Wed Mar  6 19:24:48 2013] [debug] GET / (Mojolicious (Perl)).
[Wed Mar  6 19:24:48 2013] [debug] Routing to controller "PerlTent::Example" and action "welcome".
[Wed Mar  6 19:24:48 2013] [debug] Rendering template "example/welcome.html.ep".
[Wed Mar  6 19:24:48 2013] [debug] Rendering template "layouts/default.html.ep".
[Wed Mar  6 19:24:48 2013] [debug] 200 OK (0.008383s, 119.289/s).
[Wed Mar  6 19:24:48 2013] [debug] Reading config file "/Users/espent/Oslo.pm/perl_tent/perl_tent.conf".
[Wed Mar  6 19:24:52 2013] [debug] Reading config file "/Users/espent/Oslo.pm/perl_tent/perl_tent.conf".
[Wed Mar  6 19:24:52 2013] [debug] Your secret passphrase needs to be changed!!!
[Wed Mar  6 19:24:52 2013] [debug] GET / (Mojolicious (Perl)).
[Wed Mar  6 19:24:52 2013] [debug] Routing to controller "PerlTent::Example" and action "welcome".
[Wed Mar  6 19:24:52 2013] [debug] Rendering template "example/welcome.html.ep".
[Wed Mar  6 19:24:52 2013] [debug] Rendering template "layouts/default.html.ep".
[Wed Mar  6 19:24:52 2013] [debug] 200 OK (0.008404s, 118.991/s).
[Wed Mar  6 19:24:52 2013] [debug] Reading config file "/Users/espent/Oslo.pm/perl_tent/perl_tent.conf".
[Wed Mar  6 19:24:52 2013] [debug] Reading config file "/Users/espent/Oslo.pm/perl_tent/perl_tent.conf".
[Wed Mar  6 19:24:52 2013] [debug] Your secret passphrase needs to be changed!!!
[Wed Mar  6 19:24:52 2013] [debug] GET / (Mojolicious (Perl)).
[Wed Mar  6 19:24:52 2013] [debug] Routing to controller "PerlTent::Example" and action "welcome".
[Wed Mar  6 19:24:52 2013] [debug] Rendering template "example/welcome.html.ep".
[Wed Mar  6 19:24:52 2013] [debug] Rendering template "layouts/default.html.ep".
[Wed Mar  6 19:24:52 2013] [debug] 200 OK (0.006544s, 152.812/s).
[Wed Mar  6 19:24:52 2013] [debug] Reading config file "/Users/espent/Oslo.pm/perl_tent/perl_tent.conf".
[Wed Mar  6 19:24:56 2013] [debug] Reading config file "/Users/espent/Oslo.pm/perl_tent/perl_tent.conf".
[Wed Mar  6 19:24:56 2013] [debug] Your secret passphrase needs to be changed!!!
[Wed Mar  6 19:24:56 2013] [debug] GET / (Mojolicious (Perl)).
[Wed Mar  6 19:24:56 2013] [debug] Routing to controller "PerlTent::Example" and action "welcome".
[Wed Mar  6 19:24:56 2013] [debug] Rendering template "example/welcome.html.ep".
[Wed Mar  6 19:24:56 2013] [debug] Rendering template "layouts/default.html.ep".
[Wed Mar  6 19:24:56 2013] [debug] 200 OK (0.006817s, 146.692/s).
[Wed Mar  6 19:24:56 2013] [debug] Reading config file "/Users/espent/Oslo.pm/perl_tent/perl_tent.conf".
[Wed Mar  6 19:24:56 2013] [debug] Reading config file "/Users/espent/Oslo.pm/perl_tent/perl_tent.conf".
[Wed Mar  6 19:24:56 2013] [debug] Your secret passphrase needs to be changed!!!
[Wed Mar  6 19:24:56 2013] [debug] GET / (Mojolicious (Perl)).
[Wed Mar  6 19:24:56 2013] [debug] Routing to controller "PerlTent::Example" and action "welcome".
[Wed Mar  6 19:24:56 2013] [debug] Rendering template "example/welcome.html.ep".
[Wed Mar  6 19:24:56 2013] [debug] Rendering template "layouts/default.html.ep".
[Wed Mar  6 19:24:56 2013] [debug] 200 OK (0.008505s, 117.578/s).
[Wed Mar  6 19:24:57 2013] [debug] Reading config file "/Users/espent/Oslo.pm/perl_tent/perl_tent.conf".
[Wed Mar  6 19:25:00 2013] [debug] Reading config file "/Users/espent/Oslo.pm/perl_tent/perl_tent.conf".
[Wed Mar  6 19:25:00 2013] [debug] Your secret passphrase needs to be changed!!!
[Wed Mar  6 19:25:00 2013] [debug] GET / (Mojolicious (Perl)).
[Wed Mar  6 19:25:00 2013] [debug] Routing to controller "PerlTent::Example" and action "welcome".
[Wed Mar  6 19:25:00 2013] [debug] Rendering template "example/welcome.html.ep".
[Wed Mar  6 19:25:00 2013] [debug] Rendering template "layouts/default.html.ep".
[Wed Mar  6 19:25:00 2013] [debug] 200 OK (0.008487s, 117.827/s).
[Wed Mar  6 19:25:00 2013] [debug] Reading config file "/Users/espent/Oslo.pm/perl_tent/perl_tent.conf".
[Wed Mar  6 19:25:01 2013] [debug] Reading config file "/Users/espent/Oslo.pm/perl_tent/perl_tent.conf".
[Wed Mar  6 19:25:01 2013] [debug] Your secret passphrase needs to be changed!!!
[Wed Mar  6 19:25:01 2013] [debug] GET / (Mojolicious (Perl)).
[Wed Mar  6 19:25:01 2013] [debug] Routing to controller "PerlTent::Example" and action "welcome".
[Wed Mar  6 19:25:01 2013] [debug] Rendering template "example/welcome.html.ep".
[Wed Mar  6 19:25:01 2013] [debug] Rendering template "layouts/default.html.ep".
[Wed Mar  6 19:25:01 2013] [debug] 200 OK (0.007160s, 139.665/s).
[Wed Mar  6 19:25:01 2013] [debug] Reading config file "/Users/espent/Oslo.pm/perl_tent/perl_tent.conf".
[Wed Mar  6 19:25:04 2013] [debug] Reading config file "/Users/espent/Oslo.pm/perl_tent/perl_tent.conf".
[Wed Mar  6 19:25:04 2013] [debug] Your secret passphrase needs to be changed!!!
[Wed Mar  6 19:25:04 2013] [debug] GET / (Mojolicious (Perl)).
[Wed Mar  6 19:25:04 2013] [debug] Routing to controller "PerlTent::Example" and action "welcome".
[Wed Mar  6 19:25:04 2013] [debug] Rendering template "example/welcome.html.ep".
[Wed Mar  6 19:25:04 2013] [debug] Rendering template "layouts/default.html.ep".
[Wed Mar  6 19:25:04 2013] [debug] 200 OK (0.006613s, 151.217/s).
[Wed Mar  6 19:25:05 2013] [debug] Reading config file "/Users/espent/Oslo.pm/perl_tent/perl_tent.conf".
[Wed Mar  6 19:25:05 2013] [debug] Reading config file "/Users/espent/Oslo.pm/perl_tent/perl_tent.conf".
[Wed Mar  6 19:25:05 2013] [debug] Your secret passphrase needs to be changed!!!
[Wed Mar  6 19:25:05 2013] [debug] GET / (Mojolicious (Perl)).
[Wed Mar  6 19:25:05 2013] [debug] Routing to controller "PerlTent::Example" and action "welcome".
[Wed Mar  6 19:25:05 2013] [debug] Rendering template "example/welcome.html.ep".
[Wed Mar  6 19:25:05 2013] [debug] Rendering template "layouts/default.html.ep".
[Wed Mar  6 19:25:05 2013] [debug] 200 OK (0.008709s, 114.824/s).
[Wed Mar  6 19:25:05 2013] [debug] Reading config file "/Users/espent/Oslo.pm/perl_tent/perl_tent.conf".
[Wed Mar  6 19:25:27 2013] [debug] Reading config file "/Users/espent/Oslo.pm/perl_tent/perl_tent.conf".
[Wed Mar  6 19:25:27 2013] [debug] Your secret passphrase needs to be changed!!!
[Wed Mar  6 19:25:27 2013] [debug] GET / (Mojolicious (Perl)).
[Wed Mar  6 19:25:27 2013] [debug] Routing to controller "PerlTent::Example" and action "welcome".
[Wed Mar  6 19:25:27 2013] [debug] Rendering template "example/welcome.html.ep".
[Wed Mar  6 19:25:27 2013] [debug] Rendering template "layouts/default.html.ep".
[Wed Mar  6 19:25:27 2013] [debug] 200 OK (0.008518s, 117.398/s).
[Wed Mar  6 19:25:27 2013] [debug] Reading config file "/Users/espent/Oslo.pm/perl_tent/perl_tent.conf".
[Wed Mar  6 19:25:28 2013] [debug] Reading config file "/Users/espent/Oslo.pm/perl_tent/perl_tent.conf".
[Wed Mar  6 19:25:28 2013] [debug] Your secret passphrase needs to be changed!!!
[Wed Mar  6 19:25:28 2013] [debug] GET / (Mojolicious (Perl)).
[Wed Mar  6 19:25:28 2013] [debug] Routing to controller "PerlTent::Example" and action "welcome".
[Wed Mar  6 19:25:28 2013] [debug] Rendering template "example/welcome.html.ep".
[Wed Mar  6 19:25:28 2013] [debug] Rendering template "layouts/default.html.ep".
[Wed Mar  6 19:25:28 2013] [debug] 200 OK (0.008486s, 117.841/s).
[Wed Mar  6 19:25:28 2013] [debug] Reading config file "/Users/espent/Oslo.pm/perl_tent/perl_tent.conf".
[Wed Mar  6 19:25:28 2013] [debug] Reading config file "/Users/espent/Oslo.pm/perl_tent/perl_tent.conf".
[Wed Mar  6 19:25:28 2013] [debug] Your secret passphrase needs to be changed!!!
[Wed Mar  6 19:25:28 2013] [debug] GET / (Mojolicious (Perl)).
[Wed Mar  6 19:25:28 2013] [debug] Routing to controller "PerlTent::Example" and action "welcome".
[Wed Mar  6 19:25:28 2013] [debug] Rendering template "example/welcome.html.ep".
[Wed Mar  6 19:25:28 2013] [debug] Rendering template "layouts/default.html.ep".
[Wed Mar  6 19:25:28 2013] [debug] 200 OK (0.008434s, 118.568/s).
[Wed Mar  6 19:25:29 2013] [debug] Reading config file "/Users/espent/Oslo.pm/perl_tent/perl_tent.conf".
[Wed Mar  6 19:25:29 2013] [debug] Reading config file "/Users/espent/Oslo.pm/perl_tent/perl_tent.conf".
[Wed Mar  6 19:25:29 2013] [debug] Your secret passphrase needs to be changed!!!
[Wed Mar  6 19:25:29 2013] [debug] GET / (Mojolicious (Perl)).
[Wed Mar  6 19:25:29 2013] [debug] Routing to controller "PerlTent::Example" and action "welcome".
[Wed Mar  6 19:25:29 2013] [debug] Rendering template "example/welcome.html.ep".
[Wed Mar  6 19:25:29 2013] [debug] Rendering template "layouts/default.html.ep".
[Wed Mar  6 19:25:29 2013] [debug] 200 OK (0.006516s, 153.468/s).
[Wed Mar  6 19:25:29 2013] [debug] Reading config file "/Users/espent/Oslo.pm/perl_tent/perl_tent.conf".
[Wed Mar  6 19:25:33 2013] [debug] Reading config file "/Users/espent/Oslo.pm/perl_tent/perl_tent.conf".
[Wed Mar  6 19:25:33 2013] [debug] Your secret passphrase needs to be changed!!!
[Wed Mar  6 19:25:33 2013] [debug] GET / (Mojolicious (Perl)).
[Wed Mar  6 19:25:33 2013] [debug] Routing to controller "PerlTent::Example" and action "welcome".
[Wed Mar  6 19:25:33 2013] [debug] Rendering template "example/welcome.html.ep".
[Wed Mar  6 19:25:33 2013] [debug] Rendering template "layouts/default.html.ep".
[Wed Mar  6 19:25:33 2013] [debug] 200 OK (0.008480s, 117.925/s).
[Wed Mar  6 19:25:33 2013] [debug] Reading config file "/Users/espent/Oslo.pm/perl_tent/perl_tent.conf".
[Wed Mar  6 19:25:33 2013] [debug] Reading config file "/Users/espent/Oslo.pm/perl_tent/perl_tent.conf".
[Wed Mar  6 19:25:33 2013] [debug] Your secret passphrase needs to be changed!!!
[Wed Mar  6 19:25:33 2013] [debug] GET / (Mojolicious (Perl)).
[Wed Mar  6 19:25:33 2013] [debug] Routing to controller "PerlTent::Example" and action "welcome".
[Wed Mar  6 19:25:33 2013] [debug] Rendering template "example/welcome.html.ep".
[Wed Mar  6 19:25:33 2013] [debug] Rendering template "layouts/default.html.ep".
[Wed Mar  6 19:25:33 2013] [debug] 200 OK (0.006383s, 156.666/s).
[Wed Mar  6 19:25:33 2013] [debug] Reading config file "/Users/espent/Oslo.pm/perl_tent/perl_tent.conf".
[Wed Mar  6 19:25:37 2013] [debug] Reading config file "/Users/espent/Oslo.pm/perl_tent/perl_tent.conf".
[Wed Mar  6 19:25:37 2013] [debug] Your secret passphrase needs to be changed!!!
[Wed Mar  6 19:25:37 2013] [debug] GET / (Mojolicious (Perl)).
[Wed Mar  6 19:25:37 2013] [debug] Routing to controller "PerlTent::Example" and action "welcome".
[Wed Mar  6 19:25:37 2013] [debug] Rendering template "example/welcome.html.ep".
[Wed Mar  6 19:25:37 2013] [debug] Rendering template "layouts/default.html.ep".
[Wed Mar  6 19:25:37 2013] [debug] 200 OK (0.008597s, 116.320/s).
[Wed Mar  6 19:25:37 2013] [debug] Reading config file "/Users/espent/Oslo.pm/perl_tent/perl_tent.conf".
[Wed Mar  6 19:25:37 2013] [debug] Reading config file "/Users/espent/Oslo.pm/perl_tent/perl_tent.conf".
[Wed Mar  6 19:25:37 2013] [debug] Your secret passphrase needs to be changed!!!
[Wed Mar  6 19:25:37 2013] [debug] GET / (Mojolicious (Perl)).
[Wed Mar  6 19:25:37 2013] [debug] Routing to controller "PerlTent::Example" and action "welcome".
[Wed Mar  6 19:25:37 2013] [debug] Rendering template "example/welcome.html.ep".
[Wed Mar  6 19:25:37 2013] [debug] Rendering template "layouts/default.html.ep".
[Wed Mar  6 19:25:37 2013] [debug] 200 OK (0.008621s, 115.996/s).
[Wed Mar  6 19:25:38 2013] [debug] Reading config file "/Users/espent/Oslo.pm/perl_tent/perl_tent.conf".
[Wed Mar  6 19:25:56 2013] [debug] Reading config file "/Users/espent/Oslo.pm/perl_tent/perl_tent.conf".
[Wed Mar  6 19:25:56 2013] [debug] Reading config file "/Users/espent/Oslo.pm/perl_tent/perl_tent.conf".
[Wed Mar  6 19:26:00 2013] [debug] Reading config file "/Users/espent/Oslo.pm/perl_tent/perl_tent.conf".
[Wed Mar  6 19:26:03 2013] [debug] Reading config file "/Users/espent/Oslo.pm/perl_tent/perl_tent.conf".
[Wed Mar  6 19:26:07 2013] [debug] Reading config file "/Users/espent/Oslo.pm/perl_tent/perl_tent.conf".
[Wed Mar  6 19:26:10 2013] [debug] Reading config file "/Users/espent/Oslo.pm/perl_tent/perl_tent.conf".
[Wed Mar  6 19:26:14 2013] [debug] Reading config file "/Users/espent/Oslo.pm/perl_tent/perl_tent.conf".
[Wed Mar  6 19:26:17 2013] [debug] Reading config file "/Users/espent/Oslo.pm/perl_tent/perl_tent.conf".
[Wed Mar  6 19:26:21 2013] [debug] Reading config file "/Users/espent/Oslo.pm/perl_tent/perl_tent.conf".
[Wed Mar  6 19:26:24 2013] [debug] Reading config file "/Users/espent/Oslo.pm/perl_tent/perl_tent.conf".
[Wed Mar  6 19:26:28 2013] [debug] Reading config file "/Users/espent/Oslo.pm/perl_tent/perl_tent.conf".
[Wed Mar  6 19:26:31 2013] [debug] Reading config file "/Users/espent/Oslo.pm/perl_tent/perl_tent.conf".
[Wed Mar  6 19:26:34 2013] [debug] Reading config file "/Users/espent/Oslo.pm/perl_tent/perl_tent.conf".
[Wed Mar  6 19:26:38 2013] [debug] Reading config file "/Users/espent/Oslo.pm/perl_tent/perl_tent.conf".
[Wed Mar  6 19:26:41 2013] [debug] Reading config file "/Users/espent/Oslo.pm/perl_tent/perl_tent.conf".
[Wed Mar  6 19:26:45 2013] [debug] Reading config file "/Users/espent/Oslo.pm/perl_tent/perl_tent.conf".
[Wed Mar  6 19:26:48 2013] [debug] Reading config file "/Users/espent/Oslo.pm/perl_tent/perl_tent.conf".
[Wed Mar  6 19:26:52 2013] [debug] Reading config file "/Users/espent/Oslo.pm/perl_tent/perl_tent.conf".
[Wed Mar  6 19:26:55 2013] [debug] Reading config file "/Users/espent/Oslo.pm/perl_tent/perl_tent.conf".
[Wed Mar  6 19:26:59 2013] [debug] Reading config file "/Users/espent/Oslo.pm/perl_tent/perl_tent.conf".
[Wed Mar  6 19:27:02 2013] [debug] Reading config file "/Users/espent/Oslo.pm/perl_tent/perl_tent.conf".
[Wed Mar  6 19:27:06 2013] [debug] Reading config file "/Users/espent/Oslo.pm/perl_tent/perl_tent.conf".
[Wed Mar  6 19:27:09 2013] [debug] Reading config file "/Users/espent/Oslo.pm/perl_tent/perl_tent.conf".
[Wed Mar  6 19:27:13 2013] [debug] Reading config file "/Users/espent/Oslo.pm/perl_tent/perl_tent.conf".
[Wed Mar  6 19:27:16 2013] [debug] Reading config file "/Users/espent/Oslo.pm/perl_tent/perl_tent.conf".
[Wed Mar  6 19:27:19 2013] [debug] Reading config file "/Users/espent/Oslo.pm/perl_tent/perl_tent.conf".
[Wed Mar  6 19:27:23 2013] [debug] Reading config file "/Users/espent/Oslo.pm/perl_tent/perl_tent.conf".
[Wed Mar  6 19:27:26 2013] [debug] Reading config file "/Users/espent/Oslo.pm/perl_tent/perl_tent.conf".
[Wed Mar  6 19:27:30 2013] [debug] Reading config file "/Users/espent/Oslo.pm/perl_tent/perl_tent.conf".
[Wed Mar  6 19:27:33 2013] [debug] Reading config file "/Users/espent/Oslo.pm/perl_tent/perl_tent.conf".
[Wed Mar  6 19:27:37 2013] [debug] Reading config file "/Users/espent/Oslo.pm/perl_tent/perl_tent.conf".
[Wed Mar  6 19:27:40 2013] [debug] Reading config file "/Users/espent/Oslo.pm/perl_tent/perl_tent.conf".
[Wed Mar  6 19:27:44 2013] [debug] Reading config file "/Users/espent/Oslo.pm/perl_tent/perl_tent.conf".
[Wed Mar  6 19:27:47 2013] [debug] Reading config file "/Users/espent/Oslo.pm/perl_tent/perl_tent.conf".
[Wed Mar  6 19:27:51 2013] [debug] Reading config file "/Users/espent/Oslo.pm/perl_tent/perl_tent.conf".
[Wed Mar  6 19:27:54 2013] [debug] Reading config file "/Users/espent/Oslo.pm/perl_tent/perl_tent.conf".
[Wed Mar  6 19:27:57 2013] [debug] Reading config file "/Users/espent/Oslo.pm/perl_tent/perl_tent.conf".
[Wed Mar  6 19:28:01 2013] [debug] Reading config file "/Users/espent/Oslo.pm/perl_tent/perl_tent.conf".
[Wed Mar  6 19:28:04 2013] [debug] Reading config file "/Users/espent/Oslo.pm/perl_tent/perl_tent.conf".
[Wed Mar  6 19:28:08 2013] [debug] Reading config file "/Users/espent/Oslo.pm/perl_tent/perl_tent.conf".
[Wed Mar  6 19:28:11 2013] [debug] Reading config file "/Users/espent/Oslo.pm/perl_tent/perl_tent.conf".
[Wed Mar  6 19:28:15 2013] [debug] Reading config file "/Users/espent/Oslo.pm/perl_tent/perl_tent.conf".
[Wed Mar  6 19:28:18 2013] [debug] Reading config file "/Users/espent/Oslo.pm/perl_tent/perl_tent.conf".
[Wed Mar  6 19:28:22 2013] [debug] Reading config file "/Users/espent/Oslo.pm/perl_tent/perl_tent.conf".
[Wed Mar  6 19:28:25 2013] [debug] Reading config file "/Users/espent/Oslo.pm/perl_tent/perl_tent.conf".
[Wed Mar  6 19:28:29 2013] [debug] Reading config file "/Users/espent/Oslo.pm/perl_tent/perl_tent.conf".
[Wed Mar  6 19:28:32 2013] [debug] Reading config file "/Users/espent/Oslo.pm/perl_tent/perl_tent.conf".
[Wed Mar  6 19:28:35 2013] [debug] Reading config file "/Users/espent/Oslo.pm/perl_tent/perl_tent.conf".
[Wed Mar  6 19:28:39 2013] [debug] Reading config file "/Users/espent/Oslo.pm/perl_tent/perl_tent.conf".
[Wed Mar  6 19:28:42 2013] [debug] Reading config file "/Users/espent/Oslo.pm/perl_tent/perl_tent.conf".
[Wed Mar  6 19:28:46 2013] [debug] Reading config file "/Users/espent/Oslo.pm/perl_tent/perl_tent.conf".
[Wed Mar  6 19:28:49 2013] [debug] Reading config file "/Users/espent/Oslo.pm/perl_tent/perl_tent.conf".
[Wed Mar  6 19:28:53 2013] [debug] Reading config file "/Users/espent/Oslo.pm/perl_tent/perl_tent.conf".
[Wed Mar  6 19:28:56 2013] [debug] Reading config file "/Users/espent/Oslo.pm/perl_tent/perl_tent.conf".
[Wed Mar  6 19:29:00 2013] [debug] Reading config file "/Users/espent/Oslo.pm/perl_tent/perl_tent.conf".
[Wed Mar  6 19:29:03 2013] [debug] Reading config file "/Users/espent/Oslo.pm/perl_tent/perl_tent.conf".
[Wed Mar  6 19:29:06 2013] [debug] Reading config file "/Users/espent/Oslo.pm/perl_tent/perl_tent.conf".
[Wed Mar  6 19:29:10 2013] [debug] Reading config file "/Users/espent/Oslo.pm/perl_tent/perl_tent.conf".
[Wed Mar  6 19:29:13 2013] [debug] Reading config file "/Users/espent/Oslo.pm/perl_tent/perl_tent.conf".
[Wed Mar  6 19:29:17 2013] [debug] Reading config file "/Users/espent/Oslo.pm/perl_tent/perl_tent.conf".
[Wed Mar  6 19:29:20 2013] [debug] Reading config file "/Users/espent/Oslo.pm/perl_tent/perl_tent.conf".
[Wed Mar  6 19:29:24 2013] [debug] Reading config file "/Users/espent/Oslo.pm/perl_tent/perl_tent.conf".
[Wed Mar  6 19:29:27 2013] [debug] Reading config file "/Users/espent/Oslo.pm/perl_tent/perl_tent.conf".
[Wed Mar  6 19:29:31 2013] [debug] Reading config file "/Users/espent/Oslo.pm/perl_tent/perl_tent.conf".
[Wed Mar  6 19:29:34 2013] [debug] Reading config file "/Users/espent/Oslo.pm/perl_tent/perl_tent.conf".
[Wed Mar  6 19:29:38 2013] [debug] Reading config file "/Users/espent/Oslo.pm/perl_tent/perl_tent.conf".
[Wed Mar  6 19:29:41 2013] [debug] Reading config file "/Users/espent/Oslo.pm/perl_tent/perl_tent.conf".
[Wed Mar  6 19:29:44 2013] [debug] Reading config file "/Users/espent/Oslo.pm/perl_tent/perl_tent.conf".
[Wed Mar  6 19:29:48 2013] [debug] Reading config file "/Users/espent/Oslo.pm/perl_tent/perl_tent.conf".
[Wed Mar  6 19:29:51 2013] [debug] Reading config file "/Users/espent/Oslo.pm/perl_tent/perl_tent.conf".
[Wed Mar  6 19:29:55 2013] [debug] Reading config file "/Users/espent/Oslo.pm/perl_tent/perl_tent.conf".
[Wed Mar  6 19:29:58 2013] [debug] Reading config file "/Users/espent/Oslo.pm/perl_tent/perl_tent.conf".
[Wed Mar  6 19:30:02 2013] [debug] Reading config file "/Users/espent/Oslo.pm/perl_tent/perl_tent.conf".
[Wed Mar  6 19:30:05 2013] [debug] Reading config file "/Users/espent/Oslo.pm/perl_tent/perl_tent.conf".
[Wed Mar  6 19:30:09 2013] [debug] Reading config file "/Users/espent/Oslo.pm/perl_tent/perl_tent.conf".
[Wed Mar  6 19:30:12 2013] [debug] Reading config file "/Users/espent/Oslo.pm/perl_tent/perl_tent.conf".
[Wed Mar  6 19:30:16 2013] [debug] Reading config file "/Users/espent/Oslo.pm/perl_tent/perl_tent.conf".
[Wed Mar  6 19:30:19 2013] [debug] Reading config file "/Users/espent/Oslo.pm/perl_tent/perl_tent.conf".
[Wed Mar  6 19:30:22 2013] [debug] Reading config file "/Users/espent/Oslo.pm/perl_tent/perl_tent.conf".
[Wed Mar  6 19:30:26 2013] [debug] Reading config file "/Users/espent/Oslo.pm/perl_tent/perl_tent.conf".
[Wed Mar  6 19:30:29 2013] [debug] Reading config file "/Users/espent/Oslo.pm/perl_tent/perl_tent.conf".
[Wed Mar  6 19:30:33 2013] [debug] Reading config file "/Users/espent/Oslo.pm/perl_tent/perl_tent.conf".
[Wed Mar  6 19:30:36 2013] [debug] Reading config file "/Users/espent/Oslo.pm/perl_tent/perl_tent.conf".
[Wed Mar  6 19:30:40 2013] [debug] Reading config file "/Users/espent/Oslo.pm/perl_tent/perl_tent.conf".
[Wed Mar  6 19:30:43 2013] [debug] Reading config file "/Users/espent/Oslo.pm/perl_tent/perl_tent.conf".
[Wed Mar  6 19:30:47 2013] [debug] Reading config file "/Users/espent/Oslo.pm/perl_tent/perl_tent.conf".
[Wed Mar  6 19:30:50 2013] [debug] Reading config file "/Users/espent/Oslo.pm/perl_tent/perl_tent.conf".
[Wed Mar  6 19:30:54 2013] [debug] Reading config file "/Users/espent/Oslo.pm/perl_tent/perl_tent.conf".
[Wed Mar  6 19:30:57 2013] [debug] Reading config file "/Users/espent/Oslo.pm/perl_tent/perl_tent.conf".
[Wed Mar  6 19:31:00 2013] [debug] Reading config file "/Users/espent/Oslo.pm/perl_tent/perl_tent.conf".
[Wed Mar  6 19:31:04 2013] [debug] Reading config file "/Users/espent/Oslo.pm/perl_tent/perl_tent.conf".
[Wed Mar  6 19:31:07 2013] [debug] Reading config file "/Users/espent/Oslo.pm/perl_tent/perl_tent.conf".
[Wed Mar  6 19:31:11 2013] [debug] Reading config file "/Users/espent/Oslo.pm/perl_tent/perl_tent.conf".
[Wed Mar  6 19:31:14 2013] [debug] Reading config file "/Users/espent/Oslo.pm/perl_tent/perl_tent.conf".
[Wed Mar  6 19:31:18 2013] [debug] Reading config file "/Users/espent/Oslo.pm/perl_tent/perl_tent.conf".
[Wed Mar  6 19:31:21 2013] [debug] Reading config file "/Users/espent/Oslo.pm/perl_tent/perl_tent.conf".
[Wed Mar  6 19:31:25 2013] [debug] Reading config file "/Users/espent/Oslo.pm/perl_tent/perl_tent.conf".
[Wed Mar  6 19:31:28 2013] [debug] Reading config file "/Users/espent/Oslo.pm/perl_tent/perl_tent.conf".
[Wed Mar  6 19:31:32 2013] [debug] Reading config file "/Users/espent/Oslo.pm/perl_tent/perl_tent.conf".
[Wed Mar  6 19:31:35 2013] [debug] Reading config file "/Users/espent/Oslo.pm/perl_tent/perl_tent.conf".
[Wed Mar  6 19:31:38 2013] [debug] Reading config file "/Users/espent/Oslo.pm/perl_tent/perl_tent.conf".
[Wed Mar  6 19:31:42 2013] [debug] Reading config file "/Users/espent/Oslo.pm/perl_tent/perl_tent.conf".
[Wed Mar  6 19:31:45 2013] [debug] Reading config file "/Users/espent/Oslo.pm/perl_tent/perl_tent.conf".
[Wed Mar  6 19:31:49 2013] [debug] Reading config file "/Users/espent/Oslo.pm/perl_tent/perl_tent.conf".
[Wed Mar  6 19:31:52 2013] [debug] Reading config file "/Users/espent/Oslo.pm/perl_tent/perl_tent.conf".
[Wed Mar  6 19:31:56 2013] [debug] Reading config file "/Users/espent/Oslo.pm/perl_tent/perl_tent.conf".
[Wed Mar  6 19:31:59 2013] [debug] Reading config file "/Users/espent/Oslo.pm/perl_tent/perl_tent.conf".
[Wed Mar  6 19:32:03 2013] [debug] Reading config file "/Users/espent/Oslo.pm/perl_tent/perl_tent.conf".
[Wed Mar  6 19:32:06 2013] [debug] Reading config file "/Users/espent/Oslo.pm/perl_tent/perl_tent.conf".
[Wed Mar  6 19:32:10 2013] [debug] Reading config file "/Users/espent/Oslo.pm/perl_tent/perl_tent.conf".
[Wed Mar  6 19:32:13 2013] [debug] Reading config file "/Users/espent/Oslo.pm/perl_tent/perl_tent.conf".
[Wed Mar  6 19:32:16 2013] [debug] Reading config file "/Users/espent/Oslo.pm/perl_tent/perl_tent.conf".
[Wed Mar  6 19:32:20 2013] [debug] Reading config file "/Users/espent/Oslo.pm/perl_tent/perl_tent.conf".
[Wed Mar  6 19:32:23 2013] [debug] Reading config file "/Users/espent/Oslo.pm/perl_tent/perl_tent.conf".
[Wed Mar  6 19:32:27 2013] [debug] Reading config file "/Users/espent/Oslo.pm/perl_tent/perl_tent.conf".
[Wed Mar  6 19:32:30 2013] [debug] Reading config file "/Users/espent/Oslo.pm/perl_tent/perl_tent.conf".
[Wed Mar  6 19:32:34 2013] [debug] Reading config file "/Users/espent/Oslo.pm/perl_tent/perl_tent.conf".
[Wed Mar  6 19:32:37 2013] [debug] Reading config file "/Users/espent/Oslo.pm/perl_tent/perl_tent.conf".
[Wed Mar  6 19:32:41 2013] [debug] Reading config file "/Users/espent/Oslo.pm/perl_tent/perl_tent.conf".
[Wed Mar  6 19:32:44 2013] [debug] Reading config file "/Users/espent/Oslo.pm/perl_tent/perl_tent.conf".
[Wed Mar  6 19:32:48 2013] [debug] Reading config file "/Users/espent/Oslo.pm/perl_tent/perl_tent.conf".
[Wed Mar  6 19:32:51 2013] [debug] Reading config file "/Users/espent/Oslo.pm/perl_tent/perl_tent.conf".
[Wed Mar  6 19:32:54 2013] [debug] Reading config file "/Users/espent/Oslo.pm/perl_tent/perl_tent.conf".
[Wed Mar  6 19:32:58 2013] [debug] Reading config file "/Users/espent/Oslo.pm/perl_tent/perl_tent.conf".
[Wed Mar  6 19:33:01 2013] [debug] Reading config file "/Users/espent/Oslo.pm/perl_tent/perl_tent.conf".
[Wed Mar  6 19:33:05 2013] [debug] Reading config file "/Users/espent/Oslo.pm/perl_tent/perl_tent.conf".
[Wed Mar  6 19:33:08 2013] [debug] Reading config file "/Users/espent/Oslo.pm/perl_tent/perl_tent.conf".
[Wed Mar  6 19:33:12 2013] [debug] Reading config file "/Users/espent/Oslo.pm/perl_tent/perl_tent.conf".
[Wed Mar  6 19:33:15 2013] [debug] Reading config file "/Users/espent/Oslo.pm/perl_tent/perl_tent.conf".
[Wed Mar  6 19:33:19 2013] [debug] Reading config file "/Users/espent/Oslo.pm/perl_tent/perl_tent.conf".
[Wed Mar  6 19:33:22 2013] [debug] Reading config file "/Users/espent/Oslo.pm/perl_tent/perl_tent.conf".
[Wed Mar  6 19:33:26 2013] [debug] Reading config file "/Users/espent/Oslo.pm/perl_tent/perl_tent.conf".
[Wed Mar  6 19:33:29 2013] [debug] Reading config file "/Users/espent/Oslo.pm/perl_tent/perl_tent.conf".
[Wed Mar  6 19:33:32 2013] [debug] Reading config file "/Users/espent/Oslo.pm/perl_tent/perl_tent.conf".
[Wed Mar  6 19:33:36 2013] [debug] Reading config file "/Users/espent/Oslo.pm/perl_tent/perl_tent.conf".
[Wed Mar  6 19:33:39 2013] [debug] Reading config file "/Users/espent/Oslo.pm/perl_tent/perl_tent.conf".
[Wed Mar  6 19:33:43 2013] [debug] Reading config file "/Users/espent/Oslo.pm/perl_tent/perl_tent.conf".
[Wed Mar  6 19:33:46 2013] [debug] Reading config file "/Users/espent/Oslo.pm/perl_tent/perl_tent.conf".
